<?xml version="1.0" encoding="UTF-8"?>
<!-- Generated by org.testng.reporters.JUnitXMLReporter -->
<testsuite ignored="0" hostname="LT-921810" failures="0" tests="5" name="Create Pet Tests" time="16.933" errors="0" timestamp="2025-10-29T20:53:02 IST">
  <testcase classname="tests.CreatePetTest" name="testcreateValidData" time="2.685"/>
  <testcase classname="tests.CreatePetTest" name="testcreateValidData" time="1.364"/>
  <testcase classname="tests.CreatePetTest" name="testcreateValidData" time="1.379"/>
  <testcase classname="tests.CreatePetTest" name="testcreateValidData" time="1.39"/>
  <testcase classname="tests.CreatePetTest" name="testcreateexistingPetID" time="2.681"/>
</testsuite> <!-- Create Pet Tests -->
