<?xml version="1.0" encoding="UTF-8"?>
<!-- Generated by org.testng.reporters.JUnitXMLReporter -->
<testsuite ignored="0" hostname="LT-921810" failures="0" tests="4" name="Delete Pet Tests" time="12.032" errors="0" timestamp="2025-10-29T20:53:32 IST">
  <testcase classname="tests.DeletePetTest" name="testDeleteExistingPet" time="4.04"/>
  <testcase classname="tests.DeletePetTest" name="testdeleteAlreadyDeletted" time="3.953"/>
  <testcase classname="tests.DeletePetTest" name="testdeleteInvalidPetData" time="1.304"/>
  <testcase classname="tests.DeletePetTest" name="testdeletenonExistingPet" time="2.625"/>
</testsuite> <!-- Delete Pet Tests -->
