<?xml version="1.0" encoding="UTF-8"?>
<!-- Generated by org.testng.reporters.JUnitXMLReporter -->
<testsuite ignored="0" hostname="LT-921810" failures="0" tests="4" name="Find By Status Tests" time="6.871" errors="0" timestamp="2025-10-29T20:53:39 IST">
  <testcase classname="tests.FindByStatusTest" name="getByAvailableStatus" time="2.731"/>
  <testcase classname="tests.FindByStatusTest" name="getByBlankStatus" time="1.341"/>
  <testcase classname="tests.FindByStatusTest" name="getByUnknowStatus" time="1.337"/>
  <testcase classname="tests.FindByStatusTest" name="getBysoldStatus" time="1.365"/>
</testsuite> <!-- Find By Status Tests -->
