<?xml version="1.0" encoding="UTF-8"?>
<!-- Generated by org.testng.reporters.JUnitXMLReporter -->
<testsuite ignored="0" hostname="LT-921810" failures="1" tests="4" name="Get Pet Tests" time="9.501" errors="0" timestamp="2025-10-29T20:53:11 IST">
  <testcase classname="tests.GetPetTest" name="getDeletedPetTest" time="2.655"/>
  <testcase classname="tests.GetPetTest" name="getNonInvalidPet" time="1.308"/>
  <testcase classname="tests.GetPetTest" name="getValidPet" time="2.653">
    <failure type="java.lang.AssertionError" message="expected [200] but found [404]">
      <![CDATA[java.lang.AssertionError: expected [200] but found [404]
at tests.GetPetTest.getValidPet(GetPetTest.java:40)
at java.base/java.util.ArrayList.forEach(ArrayList.java:1596)
... Removed 32 stack frames]]>
    </failure>
  </testcase> <!-- getValidPet -->
  <testcase classname="tests.GetPetTest" name="nonexistingPet" time="2.706"/>
</testsuite> <!-- Get Pet Tests -->
