<?xml version="1.0" encoding="UTF-8"?>
<!-- Generated by org.testng.reporters.JUnitXMLReporter -->
<testsuite ignored="10" hostname="LT-921810" failures="1" tests="37" name="Swagger Petstore API Tests" time="74.296" errors="0" timestamp="2025-10-31T12:11:35 IST">
  <testcase classname="tests.CreatePetTest" name="testcreateValidData" time="2.743"/>
  <testcase classname="tests.CreatePetTest" name="testcreateValidData" time="1.338"/>
  <testcase classname="tests.CreatePetTest" name="testcreateValidData" time="1.327"/>
  <testcase classname="tests.CreatePetTest" name="testcreateValidData" time="1.331"/>
  <testcase classname="tests.CreatePetTest" name="testcreateexistingPetID" time="2.616"/>
  <testcase classname="dataDrivenTests.CreatePetDataDrivenTest" name="testCreatePet" time="1.338"/>
  <testcase classname="dataDrivenTests.CreatePetDataDrivenTest" name="testCreatePet" time="1.341"/>
  <testcase classname="dataDrivenTests.CreatePetDataDrivenTest" name="testCreatePet" time="1.292"/>
  <testcase classname="tests.DeletePetTest" name="testDeleteExistingPet" time="3.978"/>
  <testcase classname="tests.DeletePetTest" name="testdeleteAlreadyDeletted" time="3.892"/>
  <testcase classname="tests.DeletePetTest" name="testdeleteInvalidPetData" time="1.341"/>
  <testcase classname="tests.DeletePetTest" name="testdeletenonExistingPet" time="2.597"/>
  <testcase classname="dataDrivenTests.DeletePetDataDrivenTest" name="testDeletePet" time="1.298"/>
  <testcase classname="dataDrivenTests.DeletePetDataDrivenTest" name="testDeletePet" time="1.288"/>
  <testcase classname="dataDrivenTests.DeletePetDataDrivenTest" name="testDeletePet" time="1.305"/>
  <testcase classname="tests.FindByStatusTest" name="getByAvailableStatus" time="2.009"/>
  <testcase classname="tests.FindByStatusTest" name="getByBlankStatus" time="1.345"/>
  <testcase classname="tests.FindByStatusTest" name="getByUnknowStatus" time="1.34"/>
  <testcase classname="tests.FindByStatusTest" name="getBysoldStatus" time="1.347"/>
  <testcase classname="dataDrivenTests.FindByStatusDataDrivenTest" name="testFindByStatus" time="2.11"/>
  <testcase classname="dataDrivenTests.FindByStatusDataDrivenTest" name="testFindByStatus" time="1.325"/>
  <testcase classname="dataDrivenTests.FindByStatusDataDrivenTest" name="testFindByStatus" time="1.281"/>
  <testcase classname="tests.GetPetTest" name="getDeletedPetTest" time="2.623"/>
  <testcase classname="tests.GetPetTest" name="getNonInvalidPet" time="1.307"/>
  <testcase classname="tests.GetPetTest" name="getValidPet" time="2.603"/>
  <testcase classname="tests.GetPetTest" name="nonexistingPet" time="2.574"/>
  <testcase classname="dataDrivenTests.GetPetDataDrivenTest" name="testGetPet" time="1.339"/>
  <testcase classname="dataDrivenTests.GetPetDataDrivenTest" name="testGetPet" time="1.292"/>
  <testcase classname="dataDrivenTests.GetPetDataDrivenTest" name="testGetPet" time="1.278"/>
  <testcase classname="tests.ScheaValidations" name="schemavaliationGetResponse" time="1.494">
    <failure type="java.lang.AssertionError" message="1 expectation failed.
Response body doesn&amp;apos;t match expectation.
Expected: The content to match the given JSON schema.
error: object has missing required properties ([&amp;quot;category&amp;quot;,&amp;quot;id&amp;quot;,&amp;quot;name&amp;quot;,&amp;quot;photoUrls&amp;quot;,&amp;quot;status&amp;quot;,&amp;quot;tags&amp;quot;])
    level: &amp;quot;error&amp;quot;
    schema: {&amp;quot;loadingURI&amp;quot;:&amp;quot;file:/C:/Users/Abhishek%20Bulbule/Downloads/Personal%20workspace/Personal%20workspace/PetStoreAPIAutomation/target/test-classes/schemas/GetResponseSchema.json#&amp;quot;,&amp;quot;pointer&amp;quot;:&amp;quot;&amp;quot;}
    instance: {&amp;quot;pointer&amp;quot;:&amp;quot;&amp;quot;}
    domain: &amp;quot;validation&amp;quot;
    keyword: &amp;quot;required&amp;quot;
    required: [&amp;quot;category&amp;quot;,&amp;quot;id&amp;quot;,&amp;quot;name&amp;quot;,&amp;quot;photoUrls&amp;quot;,&amp;quot;status&amp;quot;,&amp;quot;tags&amp;quot;]
    missing: [&amp;quot;category&amp;quot;,&amp;quot;id&amp;quot;,&amp;quot;name&amp;quot;,&amp;quot;photoUrls&amp;quot;,&amp;quot;status&amp;quot;,&amp;quot;tags&amp;quot;]

  Actual: {&amp;quot;code&amp;quot;:1,&amp;quot;type&amp;quot;:&amp;quot;error&amp;quot;,&amp;quot;message&amp;quot;:&amp;quot;Pet not found&amp;quot;}
">
      <![CDATA[java.lang.AssertionError: 1 expectation failed.
Response body doesn't match expectation.
Expected: The content to match the given JSON schema.
error: object has missing required properties (["category","id","name","photoUrls","status","tags"])
    level: "error"
    schema: {"loadingURI":"file:/C:/Users/Abhishek%20Bulbule/Downloads/Personal%20workspace/Personal%20workspace/PetStoreAPIAutomation/target/test-classes/schemas/GetResponseSchema.json#","pointer":""}
    instance: {"pointer":""}
    domain: "validation"
    keyword: "required"
    required: ["category","id","name","photoUrls","status","tags"]
    missing: ["category","id","name","photoUrls","status","tags"]

  Actual: {"code":1,"type":"error","message":"Pet not found"}

at org.codehaus.groovy.runtime.callsite.ConstructorSite$ConstructorSiteNoUnwrapNoCoerce.callConstructor(ConstructorSite.java:108)
at org.codehaus.groovy.runtime.callsite.CallSiteArray.defaultCallConstructor(CallSiteArray.java:57)
at org.codehaus.groovy.runtime.callsite.AbstractCallSite.callConstructor(AbstractCallSite.java:263)
at org.codehaus.groovy.runtime.callsite.AbstractCallSite.callConstructor(AbstractCallSite.java:277)
at io.restassured.internal.ResponseSpecificationImpl$HamcrestAssertionClosure.validate(ResponseSpecificationImpl.groovy:512)
at io.restassured.internal.ResponseSpecificationImpl$HamcrestAssertionClosure$validate$1.call(Unknown Source)
at io.restassured.internal.ResponseSpecificationImpl.validateResponseIfRequired(ResponseSpecificationImpl.groovy:696)
at io.restassured.internal.ResponseSpecificationImpl.this$2$validateResponseIfRequired(ResponseSpecificationImpl.groovy)
at org.codehaus.groovy.runtime.callsite.PlainObjectMetaMethodSite.doInvoke(PlainObjectMetaMethodSite.java:43)
at org.codehaus.groovy.runtime.callsite.PogoMetaMethodSite$PogoCachedMethodSiteNoUnwrapNoCoerce.invoke(PogoMetaMethodSite.java:198)
at org.codehaus.groovy.runtime.callsite.PogoMetaMethodSite.callCurrent(PogoMetaMethodSite.java:62)
at org.codehaus.groovy.runtime.callsite.CallSiteArray.defaultCallCurrent(CallSiteArray.java:49)
at org.codehaus.groovy.runtime.callsite.AbstractCallSite.callCurrent(AbstractCallSite.java:171)
at org.codehaus.groovy.runtime.callsite.AbstractCallSite.callCurrent(AbstractCallSite.java:185)
at io.restassured.internal.ResponseSpecificationImpl.body(ResponseSpecificationImpl.groovy:107)
at io.restassured.internal.ValidatableResponseOptionsImpl.body(ValidatableResponseOptionsImpl.java:238)
at tests.ScheaValidations.schemavaliationGetResponse(ScheaValidations.java:16)
at java.base/java.util.ArrayList.forEach(ArrayList.java:1596)
... Removed 31 stack frames]]>
    </failure>
  </testcase> <!-- schemavaliationGetResponse -->
  <testcase classname="dataDrivenTests.UpdatePetDataDrivenTest" name="testUpdatePet" time="1.319"/>
  <testcase classname="dataDrivenTests.UpdatePetDataDrivenTest" name="testUpdatePet" time="1.374"/>
  <testcase classname="dataDrivenTests.UpdatePetDataDrivenTest" name="testUpdatePet" time="1.293"/>
  <testcase classname="tests.UpdatePetTest" name="testUpdatePet" time="2.679"/>
  <testcase classname="tests.UpdatePetTest" name="testupdateNonexeistingPetData" time="2.61"/>
  <testcase classname="tests.UpdatePetTest" name="testupdatewithInvaliddatagPetData" time="1.298"/>
  <testcase classname="tests.UpdatePetTest" name="testupdatewithMissingIDPetData" time="1.347"/>
  <testcase classname="utils.BaseTest" name="@BeforeSuite globalSetup" time="0.0">
    <ignored/>
  </testcase> <!-- @BeforeSuite globalSetup -->
  <testcase classname="utils.BaseTest" name="@BeforeSuite globalSetup" time="0.0">
    <ignored/>
  </testcase> <!-- @BeforeSuite globalSetup -->
  <testcase classname="utils.BaseTest" name="@BeforeSuite globalSetup" time="0.0">
    <ignored/>
  </testcase> <!-- @BeforeSuite globalSetup -->
  <testcase classname="utils.BaseTest" name="@BeforeSuite globalSetup" time="0.0">
    <ignored/>
  </testcase> <!-- @BeforeSuite globalSetup -->
  <testcase classname="utils.BaseTest" name="@BeforeSuite globalSetup" time="0.0">
    <ignored/>
  </testcase> <!-- @BeforeSuite globalSetup -->
  <testcase classname="utils.BaseTest" name="@BeforeSuite globalSetup" time="0.0">
    <ignored/>
  </testcase> <!-- @BeforeSuite globalSetup -->
  <testcase classname="utils.BaseTest" name="@BeforeSuite globalSetup" time="0.0">
    <ignored/>
  </testcase> <!-- @BeforeSuite globalSetup -->
  <testcase classname="utils.BaseTest" name="@BeforeSuite globalSetup" time="0.0">
    <ignored/>
  </testcase> <!-- @BeforeSuite globalSetup -->
  <testcase classname="utils.BaseTest" name="@BeforeSuite globalSetup" time="0.0">
    <ignored/>
  </testcase> <!-- @BeforeSuite globalSetup -->
  <testcase classname="utils.BaseTest" name="@BeforeSuite globalSetup" time="0.0">
    <ignored/>
  </testcase> <!-- @BeforeSuite globalSetup -->
</testsuite> <!-- Swagger Petstore API Tests -->
