<?xml version="1.0" encoding="UTF-8"?>
<!-- Generated by org.testng.reporters.JUnitXMLReporter -->
<testsuite ignored="0" hostname="LT-921810" failures="0" tests="4" name="Update Pet Tests" time="8.265" errors="0" timestamp="2025-10-29T20:53:20 IST">
  <testcase classname="tests.UpdatePetTest" name="testUpdatePet" time="2.689"/>
  <testcase classname="tests.UpdatePetTest" name="testupdateNonexeistingPetData" time="2.704"/>
  <testcase classname="tests.UpdatePetTest" name="testupdatewithInvaliddatagPetData" time="1.386"/>
  <testcase classname="tests.UpdatePetTest" name="testupdatewithMissingIDPetData" time="1.35"/>
</testsuite> <!-- Update Pet Tests -->
