<?xml version="1.0" encoding="UTF-8"?>
<testng-results ignored="0" total="1" passed="1" failed="0" skipped="0">
  <reporter-output>
    <line>
      <![CDATA[--------------------------------------------------]]>
    </line>
    <line>
      <![CDATA[START Running Test: schemavaliationGetResponse]]>
    </line>
    <line>
      <![CDATA[--------------------------------------------------]]>
    </line>
    <line>
      <![CDATA[PASSED schemavaliationGetResponse]]>
    </line>
  </reporter-output>
  <suite started-at="2025-11-04T11:55:00 IST" name="Default suite" finished-at="2025-11-04T11:55:03 IST" duration-ms="2607">
    <groups>
    </groups>
    <test started-at="2025-11-04T11:55:00 IST" name="Default test" finished-at="2025-11-04T11:55:03 IST" duration-ms="2607">
      <class name="tests.ScheaValidations">
        <test-method is-config="true" signature="globalSetup()[pri:0, instance:tests.ScheaValidations@2235eaab]" started-at="2025-11-04T11:55:00 IST" name="globalSetup" finished-at="2025-11-04T11:55:00 IST" duration-ms="270" status="PASS">
          <reporter-output>
          </reporter-output>
        </test-method> <!-- globalSetup -->
        <test-method is-config="true" signature="setupPerTest(java.lang.reflect.Method)[pri:0, instance:tests.ScheaValidations@2235eaab]" started-at="2025-11-04T11:55:00 IST" name="setupPerTest" finished-at="2025-11-04T11:55:00 IST" duration-ms="4" status="PASS">
          <params>
            <param index="0">
              <value>
                <![CDATA[public void tests.ScheaValidations.schemavaliationGetResponse()]]>
              </value>
            </param>
          </params>
          <reporter-output>
            <line>
              <![CDATA[--------------------------------------------------]]>
            </line>
            <line>
              <![CDATA[START Running Test: schemavaliationGetResponse]]>
            </line>
            <line>
              <![CDATA[--------------------------------------------------]]>
            </line>
          </reporter-output>
        </test-method> <!-- setupPerTest -->
        <test-method signature="schemavaliationGetResponse()[pri:0, instance:tests.ScheaValidations@2235eaab]" started-at="2025-11-04T11:55:00 IST" name="schemavaliationGetResponse" finished-at="2025-11-04T11:55:03 IST" duration-ms="2519" status="PASS">
          <reporter-output>
          </reporter-output>
        </test-method> <!-- schemavaliationGetResponse -->
        <test-method is-config="true" signature="attachLogsToAllure(org.testng.ITestResult)[pri:0, instance:tests.ScheaValidations@2235eaab]" started-at="2025-11-04T11:55:03 IST" name="attachLogsToAllure" finished-at="2025-11-04T11:55:03 IST" duration-ms="4" status="PASS">
          <params>
            <param index="0">
              <value>
                <![CDATA[[TestResult name=schemavaliationGetResponse status=SUCCESS method=ScheaValidations.schemavaliationGetResponse()[pri:0, instance:tests.ScheaValidations@2235eaab] output={null}]]]>
              </value>
            </param>
          </params>
          <reporter-output>
            <line>
              <![CDATA[PASSED schemavaliationGetResponse]]>
            </line>
          </reporter-output>
        </test-method> <!-- attachLogsToAllure -->
      </class> <!-- tests.ScheaValidations -->
    </test> <!-- Default test -->
  </suite> <!-- Default suite -->
</testng-results>
