<?xml version="1.0" encoding="UTF-8"?>
<!-- Generated by org.testng.reporters.JUnitReportReporter -->
<testsuite hostname="LT-921810" failures="0" tests="1" name="tests.ScheaValidations" time="2.527" errors="0" timestamp="2025-11-04T11:55:03 IST" skipped="0">
  <testcase classname="tests.ScheaValidations" name="schemavaliationGetResponse" time="2.527"/>
  <system-out>
    <![CDATA[--------------------------------------------------
START Running Test: schemavaliationGetResponse
--------------------------------------------------
PASSED schemavaliationGetResponse]]>
  </system-out>
</testsuite> <!-- tests.ScheaValidations -->
