<?xml version="1.0" encoding="UTF-8"?>
<!-- Generated by org.testng.reporters.JUnitReportReporter -->
<testsuite hostname="LT-921810" failures="0" tests="3" name="dataDrivenTests.DeletePetTest" time="3.958" errors="0" timestamp="2025-10-29T21:10:38 IST" skipped="0">
  <testcase classname="dataDrivenTests.DeletePetTest" name="testDeletePet" time="1.286"/>
  <testcase classname="dataDrivenTests.DeletePetTest" name="testDeletePet" time="1.347"/>
  <testcase classname="dataDrivenTests.DeletePetTest" name="testDeletePet" time="1.325"/>
</testsuite> <!-- dataDrivenTests.DeletePetTest -->
