<?xml version="1.0" encoding="UTF-8"?>
<!-- Generated by org.testng.reporters.JUnitReportReporter -->
<testsuite hostname="LT-921810" failures="0" tests="3" name="dataDeiverTests.CreatePetTest" time="5.007" errors="0" timestamp="2025-10-29T17:56:18 IST" skipped="0">
  <testcase classname="dataDeiverTests.CreatePetTest" name="testCreatePet" time="1.303"/>
  <testcase classname="dataDeiverTests.CreatePetTest" name="testCreatePet" time="2.367"/>
  <testcase classname="dataDeiverTests.CreatePetTest" name="testCreatePet" time="1.337"/>
</testsuite> <!-- dataDeiverTests.CreatePetTest -->
