<?xml version="1.0" encoding="UTF-8"?>
<!-- Generated by org.testng.reporters.JUnitReportReporter -->
<testsuite hostname="LT-921810" failures="0" tests="3" name="dataDrivenTests.FindByStatusTest" time="5.087" errors="0" timestamp="2025-10-29T21:10:38 IST" skipped="0">
  <testcase classname="dataDrivenTests.FindByStatusTest" name="testFindByStatus" time="1.377"/>
  <testcase classname="dataDrivenTests.FindByStatusTest" name="testFindByStatus" time="2.339"/>
  <testcase classname="dataDrivenTests.FindByStatusTest" name="testFindByStatus" time="1.371"/>
</testsuite> <!-- dataDrivenTests.FindByStatusTest -->
