<?xml version="1.0" encoding="UTF-8"?>
<!-- Generated by org.testng.reporters.JUnitReportReporter -->
<testsuite hostname="LT-921810" failures="0" tests="4" name="tests.DeletePetTest" time="11.822" errors="0" timestamp="2025-10-31T12:11:35 IST" skipped="0">
  <testcase classname="tests.DeletePetTest" name="testdeleteInvalidPetData" time="1.345"/>
  <testcase classname="tests.DeletePetTest" name="testdeleteAlreadyDeletted" time="3.895"/>
  <testcase classname="tests.DeletePetTest" name="testdeletenonExistingPet" time="2.601"/>
  <testcase classname="tests.DeletePetTest" name="testDeleteExistingPet" time="3.981"/>
  <system-out>
    <![CDATA[--------------------------------------------------
START Running Test: testcreateValidData
--------------------------------------------------
PASSED testcreateValidData
--------------------------------------------------
START Running Test: testcreateValidData
--------------------------------------------------
PASSED testcreateValidData
--------------------------------------------------
START Running Test: testcreateValidData
--------------------------------------------------
PASSED testcreateValidData
--------------------------------------------------
START Running Test: testcreateValidData
--------------------------------------------------
PASSED testcreateValidData
--------------------------------------------------
START Running Test: testcreateexistingPetID
--------------------------------------------------
PASSED testcreateexistingPetID
--------------------------------------------------
START Running Test: testCreatePet
--------------------------------------------------
PASSED testCreatePet
--------------------------------------------------
START Running Test: testCreatePet
--------------------------------------------------
PASSED testCreatePet
--------------------------------------------------
START Running Test: testCreatePet
--------------------------------------------------
PASSED testCreatePet
--------------------------------------------------
START Running Test: testDeleteExistingPet
--------------------------------------------------
PASSED testDeleteExistingPet
--------------------------------------------------
START Running Test: testdeleteAlreadyDeletted
--------------------------------------------------
PASSED testdeleteAlreadyDeletted
--------------------------------------------------
START Running Test: testdeleteInvalidPetData
--------------------------------------------------
PASSED testdeleteInvalidPetData
--------------------------------------------------
START Running Test: testdeletenonExistingPet
--------------------------------------------------
PASSED testdeletenonExistingPet
--------------------------------------------------
START Running Test: testDeletePet
--------------------------------------------------
PASSED testDeletePet
--------------------------------------------------
START Running Test: testDeletePet
--------------------------------------------------
PASSED testDeletePet
--------------------------------------------------
START Running Test: testDeletePet
--------------------------------------------------
PASSED testDeletePet
--------------------------------------------------
START Running Test: getByAvailableStatus
--------------------------------------------------
PASSED getByAvailableStatus
--------------------------------------------------
START Running Test: getByBlankStatus
--------------------------------------------------
PASSED getByBlankStatus
--------------------------------------------------
START Running Test: getByUnknowStatus
--------------------------------------------------
PASSED getByUnknowStatus
--------------------------------------------------
START Running Test: getBysoldStatus
--------------------------------------------------
PASSED getBysoldStatus
--------------------------------------------------
START Running Test: testFindByStatus
--------------------------------------------------
PASSED testFindByStatus
--------------------------------------------------
START Running Test: testFindByStatus
--------------------------------------------------
PASSED testFindByStatus
--------------------------------------------------
START Running Test: testFindByStatus
--------------------------------------------------
PASSED testFindByStatus
--------------------------------------------------
START Running Test: getDeletedPetTest
--------------------------------------------------
PASSED getDeletedPetTest
--------------------------------------------------
START Running Test: getNonInvalidPet
--------------------------------------------------
PASSED getNonInvalidPet
--------------------------------------------------
START Running Test: getValidPet
--------------------------------------------------
PASSED getValidPet
--------------------------------------------------
START Running Test: nonexistingPet
--------------------------------------------------
PASSED nonexistingPet
--------------------------------------------------
START Running Test: testGetPet
--------------------------------------------------
PASSED testGetPet
--------------------------------------------------
START Running Test: testGetPet
--------------------------------------------------
PASSED testGetPet
--------------------------------------------------
START Running Test: testGetPet
--------------------------------------------------
PASSED testGetPet
--------------------------------------------------
START Running Test: schemavaliationGetResponse
--------------------------------------------------
FAILED schemavaliationGetResponse
--------------------------------------------------
START Running Test: testUpdatePet
--------------------------------------------------
PASSED testUpdatePet
--------------------------------------------------
START Running Test: testUpdatePet
--------------------------------------------------
PASSED testUpdatePet
--------------------------------------------------
START Running Test: testUpdatePet
--------------------------------------------------
PASSED testUpdatePet
--------------------------------------------------
START Running Test: testUpdatePet
--------------------------------------------------
PASSED testUpdatePet
--------------------------------------------------
START Running Test: testupdateNonexeistingPetData
--------------------------------------------------
PASSED testupdateNonexeistingPetData
--------------------------------------------------
START Running Test: testupdatewithInvaliddatagPetData
--------------------------------------------------
PASSED testupdatewithInvaliddatagPetData
--------------------------------------------------
START Running Test: testupdatewithMissingIDPetData
--------------------------------------------------
PASSED testupdatewithMissingIDPetData]]>
  </system-out>
</testsuite> <!-- tests.DeletePetTest -->
