<?xml version="1.0" encoding="UTF-8"?>
<!-- Generated by org.testng.reporters.JUnitReportReporter -->
<testsuite hostname="LT-921810" failures="0" tests="3" name="dataDrivenTests.CreatePetTest" time="3.980" errors="0" timestamp="2025-10-29T21:10:38 IST" skipped="0">
  <testcase classname="dataDrivenTests.CreatePetTest" name="testCreatePet" time="1.365"/>
  <testcase classname="dataDrivenTests.CreatePetTest" name="testCreatePet" time="1.307"/>
  <testcase classname="dataDrivenTests.CreatePetTest" name="testCreatePet" time="1.308"/>
</testsuite> <!-- dataDrivenTests.CreatePetTest -->
