<?xml version="1.0" encoding="UTF-8"?>
<!-- Generated by org.testng.reporters.JUnitReportReporter -->
<testsuite hostname="LT-921810" failures="0" tests="3" name="dataDrivenTests.GetPetTest" time="3.944" errors="0" timestamp="2025-10-29T21:10:38 IST" skipped="0">
  <testcase classname="dataDrivenTests.GetPetTest" name="testGetPet" time="1.355"/>
  <testcase classname="dataDrivenTests.GetPetTest" name="testGetPet" time="1.311"/>
  <testcase classname="dataDrivenTests.GetPetTest" name="testGetPet" time="1.278"/>
</testsuite> <!-- dataDrivenTests.GetPetTest -->
