<?xml version="1.0" encoding="UTF-8"?>
<!-- Generated by org.testng.reporters.JUnitReportReporter -->
<testsuite hostname="LT-921810" failures="0" tests="3" name="dataDrivenTests.UpdatePetTest" time="4.065" errors="0" timestamp="2025-10-29T21:10:38 IST" skipped="0">
  <testcase classname="dataDrivenTests.UpdatePetTest" name="testUpdatePet" time="1.370"/>
  <testcase classname="dataDrivenTests.UpdatePetTest" name="testUpdatePet" time="1.338"/>
  <testcase classname="dataDrivenTests.UpdatePetTest" name="testUpdatePet" time="1.357"/>
</testsuite> <!-- dataDrivenTests.UpdatePetTest -->
