<?xml version="1.0" encoding="UTF-8"?>
<!-- Generated by org.testng.reporters.JUnitReportReporter -->
<testsuite hostname="LT-921810" failures="0" tests="4" name="tests.GetPetTest" time="9.119" errors="0" timestamp="2025-10-31T12:11:35 IST" skipped="0">
  <testcase classname="tests.GetPetTest" name="getNonInvalidPet" time="1.311"/>
  <testcase classname="tests.GetPetTest" name="getValidPet" time="2.606"/>
  <testcase classname="tests.GetPetTest" name="getDeletedPetTest" time="2.625"/>
  <testcase classname="tests.GetPetTest" name="nonexistingPet" time="2.577"/>
  <system-out>
    <![CDATA[--------------------------------------------------
START Running Test: testcreateValidData
--------------------------------------------------
PASSED testcreateValidData
--------------------------------------------------
START Running Test: testcreateValidData
--------------------------------------------------
PASSED testcreateValidData
--------------------------------------------------
START Running Test: testcreateValidData
--------------------------------------------------
PASSED testcreateValidData
--------------------------------------------------
START Running Test: testcreateValidData
--------------------------------------------------
PASSED testcreateValidData
--------------------------------------------------
START Running Test: testcreateexistingPetID
--------------------------------------------------
PASSED testcreateexistingPetID
--------------------------------------------------
START Running Test: testCreatePet
--------------------------------------------------
PASSED testCreatePet
--------------------------------------------------
START Running Test: testCreatePet
--------------------------------------------------
PASSED testCreatePet
--------------------------------------------------
START Running Test: testCreatePet
--------------------------------------------------
PASSED testCreatePet
--------------------------------------------------
START Running Test: testDeleteExistingPet
--------------------------------------------------
PASSED testDeleteExistingPet
--------------------------------------------------
START Running Test: testdeleteAlreadyDeletted
--------------------------------------------------
PASSED testdeleteAlreadyDeletted
--------------------------------------------------
START Running Test: testdeleteInvalidPetData
--------------------------------------------------
PASSED testdeleteInvalidPetData
--------------------------------------------------
START Running Test: testdeletenonExistingPet
--------------------------------------------------
PASSED testdeletenonExistingPet
--------------------------------------------------
START Running Test: testDeletePet
--------------------------------------------------
PASSED testDeletePet
--------------------------------------------------
START Running Test: testDeletePet
--------------------------------------------------
PASSED testDeletePet
--------------------------------------------------
START Running Test: testDeletePet
--------------------------------------------------
PASSED testDeletePet
--------------------------------------------------
START Running Test: getByAvailableStatus
--------------------------------------------------
PASSED getByAvailableStatus
--------------------------------------------------
START Running Test: getByBlankStatus
--------------------------------------------------
PASSED getByBlankStatus
--------------------------------------------------
START Running Test: getByUnknowStatus
--------------------------------------------------
PASSED getByUnknowStatus
--------------------------------------------------
START Running Test: getBysoldStatus
--------------------------------------------------
PASSED getBysoldStatus
--------------------------------------------------
START Running Test: testFindByStatus
--------------------------------------------------
PASSED testFindByStatus
--------------------------------------------------
START Running Test: testFindByStatus
--------------------------------------------------
PASSED testFindByStatus
--------------------------------------------------
START Running Test: testFindByStatus
--------------------------------------------------
PASSED testFindByStatus
--------------------------------------------------
START Running Test: getDeletedPetTest
--------------------------------------------------
PASSED getDeletedPetTest
--------------------------------------------------
START Running Test: getNonInvalidPet
--------------------------------------------------
PASSED getNonInvalidPet
--------------------------------------------------
START Running Test: getValidPet
--------------------------------------------------
PASSED getValidPet
--------------------------------------------------
START Running Test: nonexistingPet
--------------------------------------------------
PASSED nonexistingPet
--------------------------------------------------
START Running Test: testGetPet
--------------------------------------------------
PASSED testGetPet
--------------------------------------------------
START Running Test: testGetPet
--------------------------------------------------
PASSED testGetPet
--------------------------------------------------
START Running Test: testGetPet
--------------------------------------------------
PASSED testGetPet
--------------------------------------------------
START Running Test: schemavaliationGetResponse
--------------------------------------------------
FAILED schemavaliationGetResponse
--------------------------------------------------
START Running Test: testUpdatePet
--------------------------------------------------
PASSED testUpdatePet
--------------------------------------------------
START Running Test: testUpdatePet
--------------------------------------------------
PASSED testUpdatePet
--------------------------------------------------
START Running Test: testUpdatePet
--------------------------------------------------
PASSED testUpdatePet
--------------------------------------------------
START Running Test: testUpdatePet
--------------------------------------------------
PASSED testUpdatePet
--------------------------------------------------
START Running Test: testupdateNonexeistingPetData
--------------------------------------------------
PASSED testupdateNonexeistingPetData
--------------------------------------------------
START Running Test: testupdatewithInvaliddatagPetData
--------------------------------------------------
PASSED testupdatewithInvaliddatagPetData
--------------------------------------------------
START Running Test: testupdatewithMissingIDPetData
--------------------------------------------------
PASSED testupdatewithMissingIDPetData]]>
  </system-out>
</testsuite> <!-- tests.GetPetTest -->
