<?xml version="1.0" encoding="UTF-8"?>
<!-- Generated by org.testng.reporters.JUnitReportReporter -->
<testsuite hostname="LT-921810" failures="1" tests="4" name="tests.GetPetTest" time="9.448" errors="0" timestamp="2025-11-04T11:52:34 IST" skipped="0">
  <testcase classname="tests.GetPetTest" name="getNonInvalidPet" time="1.346"/>
  <testcase classname="tests.GetPetTest" name="nonexistingPet" time="2.684"/>
  <testcase classname="tests.GetPetTest" name="getValidPet" time="2.745">
    <failure message="expected [200] but found [404]" type="java.lang.AssertionError">
      <![CDATA[java.lang.AssertionError: expected [200] but found [404]
at org.testng.Assert.fail(Assert.java:111)
at org.testng.Assert.failNotEquals(Assert.java:1590)
at org.testng.Assert.assertEqualsImpl(Assert.java:150)
at org.testng.Assert.assertEquals(Assert.java:132)
at org.testng.Assert.assertEquals(Assert.java:1431)
at org.testng.Assert.assertEquals(Assert.java:1395)
at org.testng.Assert.assertEquals(Assert.java:1441)
at tests.GetPetTest.getValidPet(GetPetTest.java:40)
at java.base/jdk.internal.reflect.NativeMethodAccessorImpl.invoke0(Native Method)
at java.base/jdk.internal.reflect.NativeMethodAccessorImpl.invoke(NativeMethodAccessorImpl.java:77)
at java.base/jdk.internal.reflect.DelegatingMethodAccessorImpl.invoke(DelegatingMethodAccessorImpl.java:43)
at java.base/java.lang.reflect.Method.invoke(Method.java:568)
at org.testng.internal.invokers.MethodInvocationHelper.invokeMethod(MethodInvocationHelper.java:141)
at org.testng.internal.invokers.TestInvoker.invokeMethod(TestInvoker.java:687)
at org.testng.internal.invokers.TestInvoker.invokeTestMethod(TestInvoker.java:230)
at org.testng.internal.invokers.MethodRunner.runInSequence(MethodRunner.java:63)
at org.testng.internal.invokers.TestInvoker$MethodInvocationAgent.invoke(TestInvoker.java:995)
at org.testng.internal.invokers.TestInvoker.invokeTestMethods(TestInvoker.java:203)
at org.testng.internal.invokers.TestMethodWorker.invokeTestMethods(TestMethodWorker.java:154)
at org.testng.internal.invokers.TestMethodWorker.run(TestMethodWorker.java:134)
at java.base/java.util.ArrayList.forEach(ArrayList.java:1511)
at org.testng.TestRunner.privateRun(TestRunner.java:741)
at org.testng.TestRunner.run(TestRunner.java:616)
at org.testng.SuiteRunner.runTest(SuiteRunner.java:421)
at org.testng.SuiteRunner.runSequentially(SuiteRunner.java:413)
at org.testng.SuiteRunner.privateRun(SuiteRunner.java:373)
at org.testng.SuiteRunner.run(SuiteRunner.java:312)
at org.testng.SuiteRunnerWorker.runSuite(SuiteRunnerWorker.java:52)
at org.testng.SuiteRunnerWorker.run(SuiteRunnerWorker.java:95)
at org.testng.TestNG.runSuitesSequentially(TestNG.java:1274)
at org.testng.TestNG.runSuitesLocally(TestNG.java:1208)
at org.testng.TestNG.runSuites(TestNG.java:1112)
at org.testng.TestNG.run(TestNG.java:1079)
at org.apache.maven.surefire.testng.TestNGExecutor.run(TestNGExecutor.java:308)
at org.apache.maven.surefire.testng.TestNGXmlTestSuite.execute(TestNGXmlTestSuite.java:71)
at org.apache.maven.surefire.testng.TestNGProvider.invoke(TestNGProvider.java:113)
at org.apache.maven.surefire.booter.ForkedBooter.runSuitesInProcess(ForkedBooter.java:385)
at org.apache.maven.surefire.booter.ForkedBooter.execute(ForkedBooter.java:162)
at org.apache.maven.surefire.booter.ForkedBooter.run(ForkedBooter.java:507)
at org.apache.maven.surefire.booter.ForkedBooter.main(ForkedBooter.java:495)
]]>
    </failure>
  </testcase> <!-- getValidPet -->
  <testcase classname="tests.GetPetTest" name="getDeletedPetTest" time="2.673"/>
  <system-out>
    <![CDATA[--------------------------------------------------
START Running Test: testcreateValidData
--------------------------------------------------
PASSED testcreateValidData
--------------------------------------------------
START Running Test: testcreateValidData
--------------------------------------------------
PASSED testcreateValidData
--------------------------------------------------
START Running Test: testcreateValidData
--------------------------------------------------
PASSED testcreateValidData
--------------------------------------------------
START Running Test: testcreateValidData
--------------------------------------------------
PASSED testcreateValidData
--------------------------------------------------
START Running Test: testcreateexistingPetID
--------------------------------------------------
PASSED testcreateexistingPetID
--------------------------------------------------
START Running Test: testCreatePet
--------------------------------------------------
PASSED testCreatePet
--------------------------------------------------
START Running Test: testCreatePet
--------------------------------------------------
PASSED testCreatePet
--------------------------------------------------
START Running Test: testCreatePet
--------------------------------------------------
PASSED testCreatePet
--------------------------------------------------
START Running Test: testDeleteExistingPet
--------------------------------------------------
PASSED testDeleteExistingPet
--------------------------------------------------
START Running Test: testdeleteAlreadyDeletted
--------------------------------------------------
PASSED testdeleteAlreadyDeletted
--------------------------------------------------
START Running Test: testdeleteInvalidPetData
--------------------------------------------------
PASSED testdeleteInvalidPetData
--------------------------------------------------
START Running Test: testdeletenonExistingPet
--------------------------------------------------
PASSED testdeletenonExistingPet
--------------------------------------------------
START Running Test: testDeletePet
--------------------------------------------------
PASSED testDeletePet
--------------------------------------------------
START Running Test: testDeletePet
--------------------------------------------------
PASSED testDeletePet
--------------------------------------------------
START Running Test: testDeletePet
--------------------------------------------------
PASSED testDeletePet
--------------------------------------------------
START Running Test: getByAvailableStatus
--------------------------------------------------
PASSED getByAvailableStatus
--------------------------------------------------
START Running Test: getByBlankStatus
--------------------------------------------------
PASSED getByBlankStatus
--------------------------------------------------
START Running Test: getByUnknowStatus
--------------------------------------------------
PASSED getByUnknowStatus
--------------------------------------------------
START Running Test: getBysoldStatus
--------------------------------------------------
PASSED getBysoldStatus
--------------------------------------------------
START Running Test: testFindByStatus
--------------------------------------------------
PASSED testFindByStatus
--------------------------------------------------
START Running Test: testFindByStatus
--------------------------------------------------
PASSED testFindByStatus
--------------------------------------------------
START Running Test: testFindByStatus
--------------------------------------------------
PASSED testFindByStatus
--------------------------------------------------
START Running Test: getDeletedPetTest
--------------------------------------------------
PASSED getDeletedPetTest
--------------------------------------------------
START Running Test: getNonInvalidPet
--------------------------------------------------
PASSED getNonInvalidPet
--------------------------------------------------
START Running Test: getValidPet
--------------------------------------------------
FAILED getValidPet
--------------------------------------------------
START Running Test: nonexistingPet
--------------------------------------------------
PASSED nonexistingPet
--------------------------------------------------
START Running Test: testGetPet
--------------------------------------------------
PASSED testGetPet
--------------------------------------------------
START Running Test: testGetPet
--------------------------------------------------
PASSED testGetPet
--------------------------------------------------
START Running Test: testGetPet
--------------------------------------------------
PASSED testGetPet
--------------------------------------------------
START Running Test: schemavaliationGetResponse
--------------------------------------------------
FAILED schemavaliationGetResponse
--------------------------------------------------
START Running Test: testUpdatePet
--------------------------------------------------
PASSED testUpdatePet
--------------------------------------------------
START Running Test: testUpdatePet
--------------------------------------------------
PASSED testUpdatePet
--------------------------------------------------
START Running Test: testUpdatePet
--------------------------------------------------
PASSED testUpdatePet
--------------------------------------------------
START Running Test: testUpdatePet
--------------------------------------------------
PASSED testUpdatePet
--------------------------------------------------
START Running Test: testupdateNonexeistingPetData
--------------------------------------------------
PASSED testupdateNonexeistingPetData
--------------------------------------------------
START Running Test: testupdatewithInvaliddatagPetData
--------------------------------------------------
PASSED testupdatewithInvaliddatagPetData
--------------------------------------------------
START Running Test: testupdatewithMissingIDPetData
--------------------------------------------------
PASSED testupdatewithMissingIDPetData]]>
  </system-out>
</testsuite> <!-- tests.GetPetTest -->
